Compiled on 03 July 2025 00:12:08
Version string: SE2025.0.250702.21.08.EX

=== Misc ===
ImageFrames: 352
ImageFrame Data Size: 15488
Maps and Asset Bundles Count: 13
Maps and Asset Bundles Data Size: 0
Actor Count: 23
Actor Data Size: 4140
Block Count: 7
Block Data Size: 476
Anim5 Count: 0
Anim5 Data Size: 0
Sound Count: 10
Sound Data Size: 280
Teleporter Count: 1
Teleporter Data Size: 8
Animations Count: 91
Animations Data Size: 1456
AnimationFrame Count: 353
AnimationFrame Data Size: 5648
Sprites: 13
Sprites Data Size: 182
Attack Data: 10
Attack Data Size: 880
Misc data size: 302

=== Data Sizes ===
    Size | Crunch | Detail
   73642 |        | Asset bundle 10 (joe_base)
   64380 |        | Music file shadowdancer_stage1
   39250 |        | Asset bundle 7 (enemy_shieldman)
   34748 |        | Asset bundle 0 (Core project asset bundle)
   33278 |        | Project virtual machine (codeblocks)
   32896 |        | Parallax for background stage2_plx
   30464 |        | Asset bundle 6 (enemy_roller)
   28886 |        | Project Data
   28800 |        | Parallax for background stage_1_plx
   26678 |        | Asset bundle 5 (enemy_gunman)
   26562 |        | Asset bundle 3 (stage2)
   23520 |        | Asset bundle 2 (stage_3)
   20072 |        | Asset bundle 1 (stage_1)
   18478 |        | Asset bundle 9 (henchmen)
   17840 |        | Asset bundle 11 (joe_stage)
   16530 |        | Tile data for map stage2 (mem restrictions:None)
   12368 |        | Asset bundle 12 (stage_bonus)
   10578 |        | Tile data for map stage_1 (mem restrictions:None)
    8984 |        | Panel thanks
    6834 |        | Asset bundle 4 (boss_gfx)
    5784 |        | Panel hud
    4376 |        | Project Header
    3380 |  (91%) | Panel scorpion_eng_splashscreen
    2846 |        | Asset bundle 8 (gfx_falling_rocks)
    2760 |        | Tile data for map stage_3 (mem restrictions:None)
    1686 |        | Panel bobs hud
    1640 |        | Panel (background)stage_1_plx
    1464 |        | Panel (background)stage2_plx
     844 |        | Header data for map stage_1
     844 |        | Header data for map stage_3
     844 |        | Header data for map stage2
     728 |        | Map actor data for stage2
      76 |  (95%) | Panel (background color #000)
      56 |        | Map actor data for stage_3
      28 |        | Map actor data for stage_1
       4 |        | Project virtual machine redirects
       2 |        | Misc Data (paths, hurt boxes etc)

=== Accounted Memory Usage ===
(Note that this isn't a full account of memory usage, just the memory we can account for)

For chip:
Map gfx (Panel: scorpion_eng_splashscreen): 36784
Music memory (shadowdancer_stage1): 64380
BP Buffer memory: 127880
Core sfx/gfx memory: 34748
Parallax memory: 32896
OS/other estimated: 99328

For other:
Map data memory: 16530
Map background memory: 1640
EXE memory: 204752
vm memory: 33278
project memory: 28886
memory reserved for active actors on screen (16): 2312
memory reserved for dormant actors in map (32): 1152
OS/other estimated: 105472

Accounted memory chip: 396016
Accounted memory other: 394022
Accounted memory total: 790038

=== Possibly unused animations ===
e_gunman_fall_l
e_henchman_fall_l
e_roller_fall_l
e_shield_fall_l
e_shield_throw_low_l
e_shield_throw_low_r
e_shield_throw_l
e_shield_throw_r
joe_death_l
joe_death_r
joe_melee_air_l
joe_melee_air_r
joe_melee_low_l
joe_melee_low_r
joe_melee_l

=== Possibly unused Actors ===
stomper_lower_body

=== Codeblocks by compiled size ===
boss_stomper_ai: 7096
enemy_hit_projectile: 1330
startup: 1116
hostage_bonus: 1020
enemy_on_land: 898
enemy_shieldman_ai: 834
enemy_gunman_ai: 790
enemy_bump: 774
player_land: 750
player_ontimer: 712
player_attack: 702
jump_button: 698
load_level: 650
enemy_roller_ai: 598
stage_reset: 534
high_jump_up: 486
enemy_henchman_ai: 472
ninja_magic: 440
star_throw: 426
ninja_magic_gosub: 408
pre_startup: 406
player_hit: 374
stage_timer_tick: 354
flipscreen_smooth: 310 (Unused?)
load_next_level: 308 (Unused?)
do_teleport: 300
flipxymove: 278 (Unused?)
enemy_jump: 252
player_attack_melee: 228
stage_falling_rocks_onland: 222
hostage_bonus_gosub: 216
enemy_hit_melee: 214
stage_exit: 214
block_find: 206 (Unused?)
set_yresolution: 202
waitforframes: 194
check_talkpad: 192 (Unused?)
enemy_ani_update: 190
pause: 184
block_count: 178 (Unused?)
block_projectile: 172
player_duck_control: 170
flipymove: 162 (Unused?)
pre_quit: 160
snap_to_screen: 158 (Unused?)
restart_this_level: 156 (Unused?)
flipxmove: 142 (Unused?)
star_throw_gosub: 142
enemy_range_check_gosub: 138
load_panel: 134
unload_level: 130
destroy_all_blocks: 128 (Unused?)
pre_load_level: 122
enemy_behind: 118
fadein: 108
block_pitfall: 106
unload_panel: 102
waitforfireup: 102
waitforfiredown: 98
load_panel_bottom: 96 (Unused?)
load_panel_top: 96
destroy_child_actors: 94 (Unused?)
autogen_e_henchman_atk_l_1: 90
autogen_e_henchman_atk_r_1: 90
autogen_e_roller_atk_l_2: 90
autogen_e_roller_atk_l_4: 90
autogen_e_roller_atk_r_2: 90
autogen_e_roller_atk_r_4: 90
autogen_joe_melee_air_l_1: 90
autogen_joe_melee_low_l_1: 90
autogen_joe_melee_low_r_1: 90
autogen_joe_melee_l_1: 90
autogen_joe_melee_r_1: 90
enemy_direction_gosub: 90
player_direction_gosub: 90
waitforfirehit: 86
autogen_joe_melee_air_r_1: 86
load_music: 78
AUTOGEN_OUTOFSCREEN_destroy_actor_destroy_actor_None_None: 78
block_jump_down: 78
block_jump_up: 78
block_jump_up_and_down: 78
block_stop_jump: 78
fadeout: 76
load_music_finish: 76
wrap_screen_bottom: 76 (Unused?)
wrap_screen_right: 76 (Unused?)
set_ntsc: 74 (Unused?)
flipscreen: 72 (Unused?)
wrap_screen_left: 72 (Unused?)
wrap_screen_top: 72 (Unused?)
jump_actor: 66 (Unused?)
destroy_all_actors: 60 (Unused?)
quit: 60
destroy_actor: 58
destroy_block: 52 (Unused?)
return: 52 (Unused?)
load_panel_finish: 50
unload_panel_bottom: 50
unload_panel_top: 50
AUTOGEN_OUTOFSCREEN_enemy_behind_None_None_None: 50
projectile_on_spawn: 42
freeze_actor: 40 (Unused?)
unfreeze_actor: 40 (Unused?)
autogen_bonus_smoke_1000_1: 38
autogen_bonus_smoke_ani_7: 38
autogen_bonus_smoke_ani_9: 38
autogen_e_gunman_ready_0: 38
autogen_e_henchman_search_0: 38
autogen_e_roller_idle_l_0: 38
autogen_e_shield_idle_l_0: 38
autogen_falling_rock_break_2: 38
autogen_joe_death_l_3: 38
autogen_joe_duck_l_0: 38
autogen_joe_ducking_star_l_1: 38
autogen_joe_high_jump_down_1: 38
autogen_joe_magic_3: 38
autogen_joe_main_idle_l_0: 38
autogen_joe_standing_star_l_1: 38
block_coll_force: 32 (Unused?)
block_coll_passthru: 32 (Unused?)
clear_block_collision: 32
player_spawn: 32
vm_registers: 26 (Unused?)
debug_breakpoint: 26 (Unused?)
vm_constants_tile_properties: 26 (Unused?)
enemy_on_spawn: 26 (Unused?)
spawn_falling_rocks: 26 (Unused?)
