Compiled on 02 January 2026 10:33:16
Version string: SE2025.0.251231.22.44.EX

=== Misc ===
ImageFrames: 358
ImageFrame Data Size: 17184
Maps and Asset Bundles Count: 13
Maps and Asset Bundles Data Size: 0
Actor Count: 25
Actor Data Size: 4500
Block Count: 8
Block Data Size: 544
Anim5 Count: 0
Anim5 Data Size: 0
Sound Count: 11
Sound Data Size: 308
Teleporter Count: 1
Teleporter Data Size: 8
Animations Count: 93
Animations Data Size: 1488
AnimationFrame Count: 359
AnimationFrame Data Size: 5744
Sprites: 1
Sprites Data Size: 14
Attack Data: 12
Attack Data Size: 1056
Misc data size: 326

=== Cartridge Composition ===
 Header |   Offset | Size     | Crunch    | Detail
   MC01 |    76994 |    11324 |  NoCrunch | Music data shadowdancer_stage1
   MS01 |    88318 |    53056 |  NoCrunch | Music samples shadowdancer_stage1
   PL06 |   141374 |     1296 |  NoCrunch | Panel (background color #000)
   PL01 |   142670 |     2474 |       ZX0 | Panel scorpion_eng_splashscreen
   PL02 |   145144 |     5816 |  NoCrunch | Panel hud
   PC02 |   150960 |     1768 |  NoCrunch | Panel bobs hud
   MP03 |   152728 |    43200 |  NoCrunch | Parallax for background stage_1_plx
   PL03 |   195928 |     1636 |  NoCrunch | Panel (background)stage_1_plx
   MP04 |   197564 |    33924 |  NoCrunch | Parallax for background stage2_plx
   PL04 |   231488 |     1464 |  NoCrunch | Panel (background)stage2_plx
   PL05 |   232952 |     8984 |  NoCrunch | Panel thanks
   VC00 |   241936 |    34048 |  NoCrunch | Project virtual machine (codeblocks)
   MA01 |   275984 |       28 |  NoCrunch | Map actor data for stage_1
   MH01 |   276012 |      848 |  NoCrunch | Header data for map stage_1
   MD01 |   276860 |    12440 |  NoCrunch | Tile data for map stage_1 (mem restrictions:None)
   MA02 |   289300 |       56 |  NoCrunch | Map actor data for stage_3
   MH02 |   289356 |      848 |  NoCrunch | Header data for map stage_3
   MD02 |   290204 |     2768 |  NoCrunch | Tile data for map stage_3 (mem restrictions:None)
   MA03 |   292972 |      168 |  NoCrunch | Map actor data for stage2
   MH03 |   293140 |      848 |  NoCrunch | Header data for map stage2
   MD03 |   293988 |    16538 |  NoCrunch | Tile data for map stage2 (mem restrictions:None)
   AB00 |   310526 |    13926 |  NoCrunch | Asset bundle 0 (Core project asset bundle)
   AB12 |   324452 |    11284 |  NoCrunch | Asset bundle 12 (stage_bonus)
   AB04 |   335736 |    28014 |  NoCrunch | Asset bundle 4 (boss_gfx)
   AB02 |   363750 |    23534 |  NoCrunch | Asset bundle 2 (stage_3)
   AB05 |   387284 |    15450 |  NoCrunch | Asset bundle 5 (enemy_gunman)
   AB09 |   402734 |    15458 |  NoCrunch | Asset bundle 9 (henchmen)
   AB06 |   418192 |    30474 |  NoCrunch | Asset bundle 6 (enemy_roller)
   AB07 |   448666 |    16258 |  NoCrunch | Asset bundle 7 (enemy_shieldman)
   AB11 |   464924 |    17008 |  NoCrunch | Asset bundle 11 (joe_stage)
   AB08 |   481932 |     2846 |  NoCrunch | Asset bundle 8 (gfx_falling_rocks)
   AB10 |   484778 |    49028 |  NoCrunch | Asset bundle 10 (joe_base)
   AB01 |   533806 |    29920 |  NoCrunch | Asset bundle 1 (stage_1)
   AB03 |   563726 |    27040 |  NoCrunch | Asset bundle 3 (stage2)
   DB00 |   590766 |        2 |  NoCrunch | Misc Data (paths, hurt boxes etc)
   PH00 |   590768 |     4376 |  NoCrunch | Project Header
   PD01 |   595144 |        4 |  NoCrunch | Project Custom Collisions
   PD00 |   595148 |    31198 |  NoCrunch | Project Data
   VR00 |   626346 |        4 |  NoCrunch | Project virtual machine redirects

=== Data Sizes ===
    Size |   Memory | Crunch | Detail
   53056 |    53056 |        | Music samples shadowdancer_stage1
   49028 |    49028 |        | Asset bundle 10 (joe_base)
   43200 |    43200 |        | Parallax for background stage_1_plx
   34048 |    34048 |        | Project virtual machine (codeblocks)
   33924 |    33924 |        | Parallax for background stage2_plx
   31198 |    31198 |        | Project Data
   30474 |    30474 |        | Asset bundle 6 (enemy_roller)
   29920 |    29920 |        | Asset bundle 1 (stage_1)
   28014 |    28014 |        | Asset bundle 4 (boss_gfx)
   27040 |    27040 |        | Asset bundle 3 (stage2)
   23534 |    23534 |        | Asset bundle 2 (stage_3)
   17008 |    17008 |        | Asset bundle 11 (joe_stage)
   16538 |    16538 |        | Tile data for map stage2 (mem restrictions:None)
   16258 |    16258 |        | Asset bundle 7 (enemy_shieldman)
   15458 |    15458 |        | Asset bundle 9 (henchmen)
   15450 |    15450 |        | Asset bundle 5 (enemy_gunman)
   13926 |    13926 |        | Asset bundle 0 (Core project asset bundle)
   12440 |    12440 |        | Tile data for map stage_1 (mem restrictions:None)
   11324 |    11324 |        | Music data shadowdancer_stage1
   11284 |    11284 |        | Asset bundle 12 (stage_bonus)
    8984 |     8984 |        | Panel thanks
    5816 |     5816 |        | Panel hud
    4376 |     4376 |        | Project Header
    2846 |     2846 |        | Asset bundle 8 (gfx_falling_rocks)
    2768 |     2768 |        | Tile data for map stage_3 (mem restrictions:None)
    2474 |    36784 |  (94%) | Panel scorpion_eng_splashscreen
    1768 |     1768 |        | Panel bobs hud
    1636 |     1636 |        | Panel (background)stage_1_plx
    1464 |     1464 |        | Panel (background)stage2_plx
    1296 |     1296 |        | Panel (background color #000)
     848 |      848 |        | Header data for map stage_1
     848 |      848 |        | Header data for map stage_3
     848 |      848 |        | Header data for map stage2
     168 |      168 |        | Map actor data for stage2
      56 |       56 |        | Map actor data for stage_3
      28 |       28 |        | Map actor data for stage_1
       4 |        4 |        | Project Custom Collisions
       4 |        4 |        | Project virtual machine redirects
       2 |        2 |        | Misc Data (paths, hurt boxes etc)

=== ADF Size ===
626374 bytes total (out of 901120, 69%)

=== Accounted Memory Usage ===
(Note that this isn't a full account of memory usage, just the memory we can account for)

For chip:
Map gfx (Panel: scorpion_eng_splashscreen): 36784
Music sample (shadowdancer_stage1): 53056
BP Buffer memory: 127880
Core sfx/gfx memory: 13926
Parallax memory: 43200
OS/other estimated: 99328

For other:
Map data memory: 16538
Map background memory: 1636
EXE memory: 219712
vm memory: 34048
project memory: 31198
Music data (shadowdancer_stage1): 11324
memory reserved for active actors on screen (16): 2536
memory reserved for dormant actors in map (32): 1152
OS/other estimated: 105472

Accounted memory chip: 385498
Accounted memory other: 412292
Accounted memory total: 797790

=== Possibly unused animations ===
dog_ilde_l
e_gunman_fall_l
e_henchman_fall_l
e_roller_fall_l
e_shield_fall_l
e_shield_throw_low_l
e_shield_throw_low_r
e_shield_throw_l
e_shield_throw_r
joe_death_l
joe_fall_l
joe_main_duck_melee_l
joe_main_duck_star_l
joe_main_jump_l
joe_main_jump_star_l
joe_main_melee_l
joe_main_star_l
joe_melee_air_l

=== Possibly unused Actors ===
stomper_lower_body

=== Codeblocks by compiled size ===
boss_stomper_ai: 7096
enemy_hit_projectile: 1318
enemy_on_land: 1038
hostage_bonus: 1020
startup: 976
enemy_gunman_ai: 858
enemy_shieldman_ai: 834
jump_button: 756
enemy_bump: 730
player_land: 716
load_level: 684
enemy_henchman_ai: 638
enemy_roller_ai: 598
player_attack: 590
stage_reset: 526
player_ontimer: 476
high_jump_up: 454
ninja_magic: 440
pre_startup: 438
ninja_magic_gosub: 408
player_hit: 364
stage_timer_tick: 354
star_throw: 354
do_teleport: 320
flipscreen_smooth: 310 (Unused?)
flipxymove: 278 (Unused?)
freemem: 276
load_next_level: 268 (Unused?)
player_attack_melee: 228
stage_falling_rocks_onland: 222
hostage_bonus_gosub: 216
enemy_hit_melee: 214
stage_exit: 214
block_find: 210 (Unused?)
Autogen_UnloadAllAssetBundles: 206 (Unused?)
set_yresolution: 202
waitforframes: 194
check_talkpad: 192 (Unused?)
enemy_ani_update: 190
pause: 184
enemy_jump: 184
block_count: 178 (Unused?)
block_projectile: 172
player_duck_control: 170
flipymove: 162 (Unused?)
snap_to_screen: 162 (Unused?)
pre_quit: 160
flipxmove: 142 (Unused?)
star_throw_gosub: 142
enemy_range_check_gosub: 138
enemy_refresh_clearing: 138 (Unused?)
restart_this_level: 136 (Unused?)
load_panel: 134
stop_sfx: 130
destroy_all_blocks: 128 (Unused?)
unload_level: 118
enemy_behind: 118
anim_force_left: 108 (Unused?)
anim_force_right: 108 (Unused?)
fadein: 108
waitforfireup: 106
block_pitfall: 106
unload_panel: 102
waitforfiredown: 102
load_panel_bottom: 96
load_panel_top: 96
destroy_child_actors: 94 (Unused?)
autogen_e_henchman_atk_l_1: 90
autogen_e_roller_atk_l_2: 90
autogen_e_roller_atk_l_4: 90
autogen_e_roller_atk_r_2: 90
autogen_e_roller_atk_r_4: 90
autogen_joe_main_duck_melee_l_1: 90
autogen_joe_main_duck_melee_r_1: 90
autogen_joe_main_melee_l_1: 90
autogen_joe_main_melee_r_1: 90
autogen_joe_melee_air_l_1: 90
autogen_e_henchman_atk_r_1: 88
pre_load_level: 86
waitforfirehit: 86
autogen_joe_melee_air_r_1: 86
load_music: 78
AUTOGEN_OUTOFSCREEN_destroy_actor_destroy_actor_None_None: 78
block_stop_jump: 78 (Unused?)
fadeout: 76
load_music_finish: 76
wrap_screen_bottom: 76 (Unused?)
wrap_screen_right: 76 (Unused?)
set_ntsc: 74 (Unused?)
flipscreen: 72 (Unused?)
wrap_screen_left: 72 (Unused?)
wrap_screen_top: 72 (Unused?)
player_direction_gosub: 70
jump_actor: 66 (Unused?)
enemy_direction_gosub: 62
destroy_all_actors: 60 (Unused?)
quit: 60
destroy_actor: 58
freemem_hard: 54 (Unused?)
destroy_block: 52 (Unused?)
return: 52 (Unused?)
autogen_e_gunman_shoot_l_10: 52
load_panel_finish: 50
unload_panel_bottom: 50
unload_panel_top: 50
AUTOGEN_OUTOFSCREEN_enemy_behind_None_None_None: 50
projectile_on_spawn: 42
freeze_actor: 40 (Unused?)
unfreeze_actor: 40 (Unused?)
autogen_bonus_smoke_1000_1: 38
autogen_bonus_smoke_ani_7: 38
autogen_bonus_smoke_ani_9: 38
autogen_e_gunman_ready_0: 38
autogen_e_henchman_search_0: 38
autogen_e_henchman_walk_l_0: 38
autogen_e_roller_idle_l_0: 38
autogen_e_shield_throw_low_l_6: 38
autogen_falling_rock_break_2: 38
autogen_joe_death_l_3: 38
autogen_joe_high_jump_down_1: 38
autogen_joe_main_boss_intro_0: 38
autogen_joe_main_duck_star_l_1: 38
autogen_joe_main_magic_1: 38
block_coll_force: 32 (Unused?)
block_coll_passthru: 32
player_spawn: 32
debug_breakpoint: 26 (Unused?)
hardware_amiga: 26 (Unused?)
vm_constants_tile_properties: 26 (Unused?)
enemy_on_spawn: 26 (Unused?)
spawn_falling_rocks: 26 (Unused?)
